0 info it worked if it ends with ok
1 verbose cli [ 'C:\\Program Files\\nodejs\\node.exe',
1 verbose cli   'C:\\Program Files\\nodejs\\node_modules\\npm\\bin\\npm-cli.js',
1 verbose cli   'start' ]
2 info using npm@3.10.9
3 info using node@v6.9.2
4 verbose run-script [ 'prestart', 'start', 'poststart' ]
5 info lifecycle repetition2-4@1.0.0~prestart: repetition2-4@1.0.0
6 silly lifecycle repetition2-4@1.0.0~prestart: no script for prestart, continuing
7 info lifecycle repetition2-4@1.0.0~start: repetition2-4@1.0.0
8 verbose lifecycle repetition2-4@1.0.0~start: unsafe-perm in lifecycle true
9 verbose lifecycle repetition2-4@1.0.0~start: PATH: C:\Program Files\nodejs\node_modules\npm\bin\node-gyp-bin;C:\Users\David Roussov\Documents\Code\react\repetition2-4\node_modules\.bin;C:\ProgramData\Oracle\Java\javapath;C:\WINDOWS\system32;C:\WINDOWS;C:\WINDOWS\System32\Wbem;C:\WINDOWS\System32\WindowsPowerShell\v1.0\;C:\MinGW\bin;C:\Program Files (x86)\Heroku\bin;C:\Program Files (x86)\git\cmd;C:\Program Files\MATLAB\R2016a\runtime\win64;C:\Program Files\MATLAB\R2016a\bin;C:\Program Files (x86)\GNU\GnuPG\pub;C:\Program Files (x86)\Windows Kits\8.1\Windows Performance Toolkit\;C:\Program Files (x86)\GtkSharp\2.12\bin;C:\Program Files\nodejs\;C:\Go\bin;C:\Program Files\Git\cmd;C:\Program Files\PostgreSQL\9.4\bin;C:\Program Files (x86)\CMake\bin;C:\Users\David Roussov\AppData\Local\.meteor\;C:\Users\David Roussov\AppData\Roaming\npm;C:\Program Files\MongoDB\Server\3.2\bin;C:\Users\David Roussov\AppData\Local\Microsoft\WindowsApps;C:\Program Files\Heroku\bin;C:\Users\David Roussov\.lein\bin;C:\emacs\bin;;C:\Program Files (x86)\Microsoft VS Code\bin
10 verbose lifecycle repetition2-4@1.0.0~start: CWD: C:\Users\David Roussov\Documents\Code\react\repetition2-4
11 silly lifecycle repetition2-4@1.0.0~start: Args: [ '/d /s /c', 'concurrently "npm run server" "npm run client"' ]
12 verbose stack Error: kill ENOSYS
12 verbose stack     at exports._errnoException (util.js:1022:11)
12 verbose stack     at process.kill (internal/process.js:172:13)
12 verbose stack     at process.listener (C:\Program Files\nodejs\node_modules\npm\node_modules\npmlog\node_modules\gauge\node_modules\signal-exit\index.js:86:15)
12 verbose stack     at emitNone (events.js:91:20)
12 verbose stack     at process.emit (events.js:185:7)
12 verbose stack     at processEmit (C:\Program Files\nodejs\node_modules\npm\node_modules\npmlog\node_modules\gauge\node_modules\signal-exit\index.js:146:32)
12 verbose stack     at processEmit (C:\Program Files\nodejs\node_modules\npm\node_modules\npm-registry-client\node_modules\npmlog\node_modules\gauge\node_modules\signal-exit\index.js:146:32)
12 verbose stack     at Signal.wrap.onsignal (internal/process.js:199:44)
13 verbose cwd C:\Users\David Roussov\Documents\Code\react\repetition2-4
14 error Windows_NT 10.0.15063
15 error argv "C:\\Program Files\\nodejs\\node.exe" "C:\\Program Files\\nodejs\\node_modules\\npm\\bin\\npm-cli.js" "start"
16 error node v6.9.2
17 error npm  v3.10.9
18 error code ENOSYS
19 error errno ENOSYS
20 error syscall kill
21 error kill ENOSYS
22 error If you need help, you may report this error at:
22 error     <https://github.com/npm/npm/issues>
23 verbose exit [ 1, true ]
